ERROR - 2023-02-07 06:48:09 --> Error connecting to the database: mysqli_sql_exception: No connection could be made because the target machine actively refused it in C:\Xampp\Xampp2\htdocs\codeigniter4\system\Database\MySQLi\Connection.php:174
Stack trace:
#0 C:\Xampp\Xampp2\htdocs\codeigniter4\system\Database\MySQLi\Connection.php(174): mysqli->real_connect('localhost', 'root', '', 'akademik', 3306, '', 0)
#1 C:\Xampp\Xampp2\htdocs\codeigniter4\system\Database\BaseConnection.php(391): CodeIgniter\Database\MySQLi\Connection->connect(false)
#2 C:\Xampp\Xampp2\htdocs\codeigniter4\system\Database\BaseConnection.php(573): CodeIgniter\Database\BaseConnection->initialize()
#3 C:\Xampp\Xampp2\htdocs\codeigniter4\app\Models\m_mahasiswa.php(15): CodeIgniter\Database\BaseConnection->query('SELECT * FROM m...')
#4 C:\Xampp\Xampp2\htdocs\codeigniter4\app\Controllers\c_Mahasiswa.php(18): App\Models\m_mahasiswa->getAll()
#5 C:\Xampp\Xampp2\htdocs\codeigniter4\system\CodeIgniter.php(934): App\Controllers\c_Mahasiswa->index()
#6 C:\Xampp\Xampp2\htdocs\codeigniter4\system\CodeIgniter.php(499): CodeIgniter\CodeIgniter->runController(Object(App\Controllers\c_Mahasiswa))
#7 C:\Xampp\Xampp2\htdocs\codeigniter4\system\CodeIgniter.php(368): CodeIgniter\CodeIgniter->handleRequest(NULL, Object(Config\Cache), false)
#8 C:\Xampp\Xampp2\htdocs\codeigniter4\public\index.php(67): CodeIgniter\CodeIgniter->run()
#9 C:\Xampp\Xampp2\htdocs\codeigniter4\system\Commands\Server\rewrite.php(47): require_once('C:\\Xampp\\Xampp2...')
#10 {main}

Next CodeIgniter\Database\Exceptions\DatabaseException: No connection could be made because the target machine actively refused it in C:\Xampp\Xampp2\htdocs\codeigniter4\system\Database\MySQLi\Connection.php:218
Stack trace:
#0 C:\Xampp\Xampp2\htdocs\codeigniter4\system\Database\BaseConnection.php(391): CodeIgniter\Database\MySQLi\Connection->connect(false)
#1 C:\Xampp\Xampp2\htdocs\codeigniter4\system\Database\BaseConnection.php(573): CodeIgniter\Database\BaseConnection->initialize()
#2 C:\Xampp\Xampp2\htdocs\codeigniter4\app\Models\m_mahasiswa.php(15): CodeIgniter\Database\BaseConnection->query('SELECT * FROM m...')
#3 C:\Xampp\Xampp2\htdocs\codeigniter4\app\Controllers\c_Mahasiswa.php(18): App\Models\m_mahasiswa->getAll()
#4 C:\Xampp\Xampp2\htdocs\codeigniter4\system\CodeIgniter.php(934): App\Controllers\c_Mahasiswa->index()
#5 C:\Xampp\Xampp2\htdocs\codeigniter4\system\CodeIgniter.php(499): CodeIgniter\CodeIgniter->runController(Object(App\Controllers\c_Mahasiswa))
#6 C:\Xampp\Xampp2\htdocs\codeigniter4\system\CodeIgniter.php(368): CodeIgniter\CodeIgniter->handleRequest(NULL, Object(Config\Cache), false)
#7 C:\Xampp\Xampp2\htdocs\codeigniter4\public\index.php(67): CodeIgniter\CodeIgniter->run()
#8 C:\Xampp\Xampp2\htdocs\codeigniter4\system\Commands\Server\rewrite.php(47): require_once('C:\\Xampp\\Xampp2...')
#9 {main}
CRITICAL - 2023-02-07 06:48:09 --> Unable to connect to the database.
Main connection [MySQLi]: No connection could be made because the target machine actively refused it
in SYSTEMPATH\Database\BaseConnection.php on line 427.
 1 SYSTEMPATH\Database\BaseConnection.php(573): CodeIgniter\Database\BaseConnection->initialize()
 2 APPPATH\Models\m_mahasiswa.php(15): CodeIgniter\Database\BaseConnection->query('SELECT * FROM mahasiswa')
 3 APPPATH\Controllers\c_Mahasiswa.php(18): App\Models\m_mahasiswa->getAll()
 4 SYSTEMPATH\CodeIgniter.php(934): App\Controllers\c_Mahasiswa->index()
 5 SYSTEMPATH\CodeIgniter.php(499): CodeIgniter\CodeIgniter->runController(Object(App\Controllers\c_Mahasiswa))
 6 SYSTEMPATH\CodeIgniter.php(368): CodeIgniter\CodeIgniter->handleRequest(null, Object(Config\Cache), false)
 7 FCPATH\index.php(67): CodeIgniter\CodeIgniter->run()
 8 SYSTEMPATH\Commands\Server\rewrite.php(47): require_once('FCPATH\\index.php')
ERROR - 2023-02-07 06:49:07 --> Error connecting to the database: mysqli_sql_exception: No connection could be made because the target machine actively refused it in C:\Xampp\Xampp2\htdocs\codeigniter4\system\Database\MySQLi\Connection.php:174
Stack trace:
#0 C:\Xampp\Xampp2\htdocs\codeigniter4\system\Database\MySQLi\Connection.php(174): mysqli->real_connect('localhost', 'root', '', 'akademik', 3306, '', 0)
#1 C:\Xampp\Xampp2\htdocs\codeigniter4\system\Database\BaseConnection.php(391): CodeIgniter\Database\MySQLi\Connection->connect(false)
#2 C:\Xampp\Xampp2\htdocs\codeigniter4\system\Database\BaseConnection.php(573): CodeIgniter\Database\BaseConnection->initialize()
#3 C:\Xampp\Xampp2\htdocs\codeigniter4\app\Models\m_mahasiswa.php(15): CodeIgniter\Database\BaseConnection->query('SELECT * FROM m...')
#4 C:\Xampp\Xampp2\htdocs\codeigniter4\app\Controllers\c_Mahasiswa.php(18): App\Models\m_mahasiswa->getAll()
#5 C:\Xampp\Xampp2\htdocs\codeigniter4\system\CodeIgniter.php(934): App\Controllers\c_Mahasiswa->index()
#6 C:\Xampp\Xampp2\htdocs\codeigniter4\system\CodeIgniter.php(499): CodeIgniter\CodeIgniter->runController(Object(App\Controllers\c_Mahasiswa))
#7 C:\Xampp\Xampp2\htdocs\codeigniter4\system\CodeIgniter.php(368): CodeIgniter\CodeIgniter->handleRequest(NULL, Object(Config\Cache), false)
#8 C:\Xampp\Xampp2\htdocs\codeigniter4\public\index.php(67): CodeIgniter\CodeIgniter->run()
#9 C:\Xampp\Xampp2\htdocs\codeigniter4\system\Commands\Server\rewrite.php(47): require_once('C:\\Xampp\\Xampp2...')
#10 {main}

Next CodeIgniter\Database\Exceptions\DatabaseException: No connection could be made because the target machine actively refused it in C:\Xampp\Xampp2\htdocs\codeigniter4\system\Database\MySQLi\Connection.php:218
Stack trace:
#0 C:\Xampp\Xampp2\htdocs\codeigniter4\system\Database\BaseConnection.php(391): CodeIgniter\Database\MySQLi\Connection->connect(false)
#1 C:\Xampp\Xampp2\htdocs\codeigniter4\system\Database\BaseConnection.php(573): CodeIgniter\Database\BaseConnection->initialize()
#2 C:\Xampp\Xampp2\htdocs\codeigniter4\app\Models\m_mahasiswa.php(15): CodeIgniter\Database\BaseConnection->query('SELECT * FROM m...')
#3 C:\Xampp\Xampp2\htdocs\codeigniter4\app\Controllers\c_Mahasiswa.php(18): App\Models\m_mahasiswa->getAll()
#4 C:\Xampp\Xampp2\htdocs\codeigniter4\system\CodeIgniter.php(934): App\Controllers\c_Mahasiswa->index()
#5 C:\Xampp\Xampp2\htdocs\codeigniter4\system\CodeIgniter.php(499): CodeIgniter\CodeIgniter->runController(Object(App\Controllers\c_Mahasiswa))
#6 C:\Xampp\Xampp2\htdocs\codeigniter4\system\CodeIgniter.php(368): CodeIgniter\CodeIgniter->handleRequest(NULL, Object(Config\Cache), false)
#7 C:\Xampp\Xampp2\htdocs\codeigniter4\public\index.php(67): CodeIgniter\CodeIgniter->run()
#8 C:\Xampp\Xampp2\htdocs\codeigniter4\system\Commands\Server\rewrite.php(47): require_once('C:\\Xampp\\Xampp2...')
#9 {main}
CRITICAL - 2023-02-07 06:49:07 --> Unable to connect to the database.
Main connection [MySQLi]: No connection could be made because the target machine actively refused it
in SYSTEMPATH\Database\BaseConnection.php on line 427.
 1 SYSTEMPATH\Database\BaseConnection.php(573): CodeIgniter\Database\BaseConnection->initialize()
 2 APPPATH\Models\m_mahasiswa.php(15): CodeIgniter\Database\BaseConnection->query('SELECT * FROM mahasiswa')
 3 APPPATH\Controllers\c_Mahasiswa.php(18): App\Models\m_mahasiswa->getAll()
 4 SYSTEMPATH\CodeIgniter.php(934): App\Controllers\c_Mahasiswa->index()
 5 SYSTEMPATH\CodeIgniter.php(499): CodeIgniter\CodeIgniter->runController(Object(App\Controllers\c_Mahasiswa))
 6 SYSTEMPATH\CodeIgniter.php(368): CodeIgniter\CodeIgniter->handleRequest(null, Object(Config\Cache), false)
 7 FCPATH\index.php(67): CodeIgniter\CodeIgniter->run()
 8 SYSTEMPATH\Commands\Server\rewrite.php(47): require_once('FCPATH\\index.php')
