CRITICAL - 2023-02-06 08:15:13 --> Too few arguments to function App\Controllers\c_Mahasiswa::save(), 0 passed in C:\Xampp\Xampp2\htdocs\codeigniter4\system\CodeIgniter.php on line 934 and exactly 1 expected
in APPPATH\Controllers\c_Mahasiswa.php on line 27.
 1 SYSTEMPATH\CodeIgniter.php(934): App\Controllers\c_Mahasiswa->save()
 2 SYSTEMPATH\CodeIgniter.php(499): CodeIgniter\CodeIgniter->runController(Object(App\Controllers\c_Mahasiswa))
 3 SYSTEMPATH\CodeIgniter.php(368): CodeIgniter\CodeIgniter->handleRequest(null, Object(Config\Cache), false)
 4 FCPATH\index.php(67): CodeIgniter\CodeIgniter->run()
 5 SYSTEMPATH\Commands\Server\rewrite.php(47): require_once('FCPATH\\index.php')
ERROR - 2023-02-06 08:15:57 --> mysqli_sql_exception: Unknown column 'mahasiswa_firstname' in 'field list' in C:\Xampp\Xampp2\htdocs\codeigniter4\system\Database\MySQLi\Connection.php:295
Stack trace:
#0 C:\Xampp\Xampp2\htdocs\codeigniter4\system\Database\MySQLi\Connection.php(295): mysqli->query('INSERT INTO `ma...', 0)
#1 C:\Xampp\Xampp2\htdocs\codeigniter4\system\Database\BaseConnection.php(691): CodeIgniter\Database\MySQLi\Connection->execute('INSERT INTO `ma...')
#2 C:\Xampp\Xampp2\htdocs\codeigniter4\system\Database\BaseConnection.php(605): CodeIgniter\Database\BaseConnection->simpleQuery('INSERT INTO `ma...')
#3 C:\Xampp\Xampp2\htdocs\codeigniter4\system\Database\BaseBuilder.php(2295): CodeIgniter\Database\BaseConnection->query('INSERT INTO `ma...', Array, false)
#4 C:\Xampp\Xampp2\htdocs\codeigniter4\app\Models\m_mahasiswa.php(31): CodeIgniter\Database\BaseBuilder->insert(Array)
#5 C:\Xampp\Xampp2\htdocs\codeigniter4\app\Controllers\c_Mahasiswa.php(35): App\Models\m_mahasiswa->saveMahasiswa(Array)
#6 C:\Xampp\Xampp2\htdocs\codeigniter4\system\CodeIgniter.php(934): App\Controllers\c_Mahasiswa->save()
#7 C:\Xampp\Xampp2\htdocs\codeigniter4\system\CodeIgniter.php(499): CodeIgniter\CodeIgniter->runController(Object(App\Controllers\c_Mahasiswa))
#8 C:\Xampp\Xampp2\htdocs\codeigniter4\system\CodeIgniter.php(368): CodeIgniter\CodeIgniter->handleRequest(NULL, Object(Config\Cache), false)
#9 C:\Xampp\Xampp2\htdocs\codeigniter4\public\index.php(67): CodeIgniter\CodeIgniter->run()
#10 C:\Xampp\Xampp2\htdocs\codeigniter4\system\Commands\Server\rewrite.php(47): require_once('C:\\Xampp\\Xampp2...')
#11 {main}
CRITICAL - 2023-02-06 08:15:57 --> Unknown column 'mahasiswa_firstname' in 'field list'
in SYSTEMPATH\Database\BaseConnection.php on line 645.
 1 SYSTEMPATH\Database\BaseBuilder.php(2295): CodeIgniter\Database\BaseConnection->query('INSERT INTO `mahasiswa` (`mahasiswa_firstname`, `mahasiswa_lastname`) VALUES (:mahasiswa_firstname:, :mahasiswa_lastname:)', [...], false)
 2 APPPATH\Models\m_mahasiswa.php(31): CodeIgniter\Database\BaseBuilder->insert([...])
 3 APPPATH\Controllers\c_Mahasiswa.php(35): App\Models\m_mahasiswa->saveMahasiswa([...])
 4 SYSTEMPATH\CodeIgniter.php(934): App\Controllers\c_Mahasiswa->save()
 5 SYSTEMPATH\CodeIgniter.php(499): CodeIgniter\CodeIgniter->runController(Object(App\Controllers\c_Mahasiswa))
 6 SYSTEMPATH\CodeIgniter.php(368): CodeIgniter\CodeIgniter->handleRequest(null, Object(Config\Cache), false)
 7 FCPATH\index.php(67): CodeIgniter\CodeIgniter->run()
 8 SYSTEMPATH\Commands\Server\rewrite.php(47): require_once('FCPATH\\index.php')
ERROR - 2023-02-06 08:17:58 --> mysqli_sql_exception: Duplicate entry '211511052' for key 'PRIMARY' in C:\Xampp\Xampp2\htdocs\codeigniter4\system\Database\MySQLi\Connection.php:295
Stack trace:
#0 C:\Xampp\Xampp2\htdocs\codeigniter4\system\Database\MySQLi\Connection.php(295): mysqli->query('INSERT INTO `ma...', 0)
#1 C:\Xampp\Xampp2\htdocs\codeigniter4\system\Database\BaseConnection.php(691): CodeIgniter\Database\MySQLi\Connection->execute('INSERT INTO `ma...')
#2 C:\Xampp\Xampp2\htdocs\codeigniter4\system\Database\BaseConnection.php(605): CodeIgniter\Database\BaseConnection->simpleQuery('INSERT INTO `ma...')
#3 C:\Xampp\Xampp2\htdocs\codeigniter4\system\Database\BaseBuilder.php(2295): CodeIgniter\Database\BaseConnection->query('INSERT INTO `ma...', Array, false)
#4 C:\Xampp\Xampp2\htdocs\codeigniter4\app\Models\m_mahasiswa.php(31): CodeIgniter\Database\BaseBuilder->insert(Array)
#5 C:\Xampp\Xampp2\htdocs\codeigniter4\app\Controllers\c_Mahasiswa.php(36): App\Models\m_mahasiswa->saveMahasiswa(Array)
#6 C:\Xampp\Xampp2\htdocs\codeigniter4\system\CodeIgniter.php(934): App\Controllers\c_Mahasiswa->save()
#7 C:\Xampp\Xampp2\htdocs\codeigniter4\system\CodeIgniter.php(499): CodeIgniter\CodeIgniter->runController(Object(App\Controllers\c_Mahasiswa))
#8 C:\Xampp\Xampp2\htdocs\codeigniter4\system\CodeIgniter.php(368): CodeIgniter\CodeIgniter->handleRequest(NULL, Object(Config\Cache), false)
#9 C:\Xampp\Xampp2\htdocs\codeigniter4\public\index.php(67): CodeIgniter\CodeIgniter->run()
#10 C:\Xampp\Xampp2\htdocs\codeigniter4\system\Commands\Server\rewrite.php(47): require_once('C:\\Xampp\\Xampp2...')
#11 {main}
CRITICAL - 2023-02-06 08:17:58 --> Duplicate entry '211511052' for key 'PRIMARY'
in SYSTEMPATH\Database\BaseConnection.php on line 645.
 1 SYSTEMPATH\Database\BaseBuilder.php(2295): CodeIgniter\Database\BaseConnection->query('INSERT INTO `mahasiswa` (`NIM`, `Nama`, `Umur`) VALUES (:NIM:, :Nama:, :Umur:)', [...], false)
 2 APPPATH\Models\m_mahasiswa.php(31): CodeIgniter\Database\BaseBuilder->insert([...])
 3 APPPATH\Controllers\c_Mahasiswa.php(36): App\Models\m_mahasiswa->saveMahasiswa([...])
 4 SYSTEMPATH\CodeIgniter.php(934): App\Controllers\c_Mahasiswa->save()
 5 SYSTEMPATH\CodeIgniter.php(499): CodeIgniter\CodeIgniter->runController(Object(App\Controllers\c_Mahasiswa))
 6 SYSTEMPATH\CodeIgniter.php(368): CodeIgniter\CodeIgniter->handleRequest(null, Object(Config\Cache), false)
 7 FCPATH\index.php(67): CodeIgniter\CodeIgniter->run()
 8 SYSTEMPATH\Commands\Server\rewrite.php(47): require_once('FCPATH\\index.php')
ERROR - 2023-02-06 08:29:11 --> mysqli_sql_exception: Unknown column 'Chick' in 'field list' in C:\Xampp\Xampp2\htdocs\codeigniter4\system\Database\MySQLi\Connection.php:295
Stack trace:
#0 C:\Xampp\Xampp2\htdocs\codeigniter4\system\Database\MySQLi\Connection.php(295): mysqli->query('INSERT INTO mah...', 0)
#1 C:\Xampp\Xampp2\htdocs\codeigniter4\system\Database\BaseConnection.php(691): CodeIgniter\Database\MySQLi\Connection->execute('INSERT INTO mah...')
#2 C:\Xampp\Xampp2\htdocs\codeigniter4\system\Database\BaseConnection.php(605): CodeIgniter\Database\BaseConnection->simpleQuery('INSERT INTO mah...')
#3 C:\Xampp\Xampp2\htdocs\codeigniter4\app\Models\m_mahasiswa.php(32): CodeIgniter\Database\BaseConnection->query('INSERT INTO mah...')
#4 C:\Xampp\Xampp2\htdocs\codeigniter4\app\Controllers\c_Mahasiswa.php(36): App\Models\m_mahasiswa->saveMahasiswa(Array)
#5 C:\Xampp\Xampp2\htdocs\codeigniter4\system\CodeIgniter.php(934): App\Controllers\c_Mahasiswa->save()
#6 C:\Xampp\Xampp2\htdocs\codeigniter4\system\CodeIgniter.php(499): CodeIgniter\CodeIgniter->runController(Object(App\Controllers\c_Mahasiswa))
#7 C:\Xampp\Xampp2\htdocs\codeigniter4\system\CodeIgniter.php(368): CodeIgniter\CodeIgniter->handleRequest(NULL, Object(Config\Cache), false)
#8 C:\Xampp\Xampp2\htdocs\codeigniter4\public\index.php(67): CodeIgniter\CodeIgniter->run()
#9 C:\Xampp\Xampp2\htdocs\codeigniter4\system\Commands\Server\rewrite.php(47): require_once('C:\\Xampp\\Xampp2...')
#10 {main}
CRITICAL - 2023-02-06 08:29:11 --> Unknown column 'Chick' in 'field list'
in SYSTEMPATH\Database\BaseConnection.php on line 645.
 1 APPPATH\Models\m_mahasiswa.php(32): CodeIgniter\Database\BaseConnection->query('INSERT INTO mahasiswa VALUES(211511099, Chick, 21)')
 2 APPPATH\Controllers\c_Mahasiswa.php(36): App\Models\m_mahasiswa->saveMahasiswa([...])
 3 SYSTEMPATH\CodeIgniter.php(934): App\Controllers\c_Mahasiswa->save()
 4 SYSTEMPATH\CodeIgniter.php(499): CodeIgniter\CodeIgniter->runController(Object(App\Controllers\c_Mahasiswa))
 5 SYSTEMPATH\CodeIgniter.php(368): CodeIgniter\CodeIgniter->handleRequest(null, Object(Config\Cache), false)
 6 FCPATH\index.php(67): CodeIgniter\CodeIgniter->run()
 7 SYSTEMPATH\Commands\Server\rewrite.php(47): require_once('FCPATH\\index.php')
ERROR - 2023-02-06 08:29:24 --> mysqli_sql_exception: Unknown column 'Hai' in 'field list' in C:\Xampp\Xampp2\htdocs\codeigniter4\system\Database\MySQLi\Connection.php:295
Stack trace:
#0 C:\Xampp\Xampp2\htdocs\codeigniter4\system\Database\MySQLi\Connection.php(295): mysqli->query('INSERT INTO mah...', 0)
#1 C:\Xampp\Xampp2\htdocs\codeigniter4\system\Database\BaseConnection.php(691): CodeIgniter\Database\MySQLi\Connection->execute('INSERT INTO mah...')
#2 C:\Xampp\Xampp2\htdocs\codeigniter4\system\Database\BaseConnection.php(605): CodeIgniter\Database\BaseConnection->simpleQuery('INSERT INTO mah...')
#3 C:\Xampp\Xampp2\htdocs\codeigniter4\app\Models\m_mahasiswa.php(32): CodeIgniter\Database\BaseConnection->query('INSERT INTO mah...')
#4 C:\Xampp\Xampp2\htdocs\codeigniter4\app\Controllers\c_Mahasiswa.php(36): App\Models\m_mahasiswa->saveMahasiswa(Array)
#5 C:\Xampp\Xampp2\htdocs\codeigniter4\system\CodeIgniter.php(934): App\Controllers\c_Mahasiswa->save()
#6 C:\Xampp\Xampp2\htdocs\codeigniter4\system\CodeIgniter.php(499): CodeIgniter\CodeIgniter->runController(Object(App\Controllers\c_Mahasiswa))
#7 C:\Xampp\Xampp2\htdocs\codeigniter4\system\CodeIgniter.php(368): CodeIgniter\CodeIgniter->handleRequest(NULL, Object(Config\Cache), false)
#8 C:\Xampp\Xampp2\htdocs\codeigniter4\public\index.php(67): CodeIgniter\CodeIgniter->run()
#9 C:\Xampp\Xampp2\htdocs\codeigniter4\system\Commands\Server\rewrite.php(47): require_once('C:\\Xampp\\Xampp2...')
#10 {main}
CRITICAL - 2023-02-06 08:29:24 --> Unknown column 'Hai' in 'field list'
in SYSTEMPATH\Database\BaseConnection.php on line 645.
 1 APPPATH\Models\m_mahasiswa.php(32): CodeIgniter\Database\BaseConnection->query('INSERT INTO mahasiswa VALUES(211511099, Hai, 21)')
 2 APPPATH\Controllers\c_Mahasiswa.php(36): App\Models\m_mahasiswa->saveMahasiswa([...])
 3 SYSTEMPATH\CodeIgniter.php(934): App\Controllers\c_Mahasiswa->save()
 4 SYSTEMPATH\CodeIgniter.php(499): CodeIgniter\CodeIgniter->runController(Object(App\Controllers\c_Mahasiswa))
 5 SYSTEMPATH\CodeIgniter.php(368): CodeIgniter\CodeIgniter->handleRequest(null, Object(Config\Cache), false)
 6 FCPATH\index.php(67): CodeIgniter\CodeIgniter->run()
 7 SYSTEMPATH\Commands\Server\rewrite.php(47): require_once('FCPATH\\index.php')
ERROR - 2023-02-06 08:30:28 --> mysqli_sql_exception: You have an error in your SQL syntax; check the manual that corresponds to your MariaDB server version for the right syntax to use near ''NIM', 'Nama', 'Umur') VALUES(211, A, 11)' at line 1 in C:\Xampp\Xampp2\htdocs\codeigniter4\system\Database\MySQLi\Connection.php:295
Stack trace:
#0 C:\Xampp\Xampp2\htdocs\codeigniter4\system\Database\MySQLi\Connection.php(295): mysqli->query('INSERT INTO mah...', 0)
#1 C:\Xampp\Xampp2\htdocs\codeigniter4\system\Database\BaseConnection.php(691): CodeIgniter\Database\MySQLi\Connection->execute('INSERT INTO mah...')
#2 C:\Xampp\Xampp2\htdocs\codeigniter4\system\Database\BaseConnection.php(605): CodeIgniter\Database\BaseConnection->simpleQuery('INSERT INTO mah...')
#3 C:\Xampp\Xampp2\htdocs\codeigniter4\app\Models\m_mahasiswa.php(32): CodeIgniter\Database\BaseConnection->query('INSERT INTO mah...')
#4 C:\Xampp\Xampp2\htdocs\codeigniter4\app\Controllers\c_Mahasiswa.php(36): App\Models\m_mahasiswa->saveMahasiswa(Array)
#5 C:\Xampp\Xampp2\htdocs\codeigniter4\system\CodeIgniter.php(934): App\Controllers\c_Mahasiswa->save()
#6 C:\Xampp\Xampp2\htdocs\codeigniter4\system\CodeIgniter.php(499): CodeIgniter\CodeIgniter->runController(Object(App\Controllers\c_Mahasiswa))
#7 C:\Xampp\Xampp2\htdocs\codeigniter4\system\CodeIgniter.php(368): CodeIgniter\CodeIgniter->handleRequest(NULL, Object(Config\Cache), false)
#8 C:\Xampp\Xampp2\htdocs\codeigniter4\public\index.php(67): CodeIgniter\CodeIgniter->run()
#9 C:\Xampp\Xampp2\htdocs\codeigniter4\system\Commands\Server\rewrite.php(47): require_once('C:\\Xampp\\Xampp2...')
#10 {main}
CRITICAL - 2023-02-06 08:30:28 --> You have an error in your SQL syntax; check the manual that corresponds to your MariaDB server version for the right syntax to use near ''NIM', 'Nama', 'Umur') VALUES(211, A, 11)' at line 1
in SYSTEMPATH\Database\BaseConnection.php on line 645.
 1 APPPATH\Models\m_mahasiswa.php(32): CodeIgniter\Database\BaseConnection->query('INSERT INTO mahasiswa (\'NIM\', \'Nama\', \'Umur\') VALUES(211, A, 11)')
 2 APPPATH\Controllers\c_Mahasiswa.php(36): App\Models\m_mahasiswa->saveMahasiswa([...])
 3 SYSTEMPATH\CodeIgniter.php(934): App\Controllers\c_Mahasiswa->save()
 4 SYSTEMPATH\CodeIgniter.php(499): CodeIgniter\CodeIgniter->runController(Object(App\Controllers\c_Mahasiswa))
 5 SYSTEMPATH\CodeIgniter.php(368): CodeIgniter\CodeIgniter->handleRequest(null, Object(Config\Cache), false)
 6 FCPATH\index.php(67): CodeIgniter\CodeIgniter->run()
 7 SYSTEMPATH\Commands\Server\rewrite.php(47): require_once('FCPATH\\index.php')
ERROR - 2023-02-06 08:32:00 --> mysqli_sql_exception: Unknown column 'Ali' in 'field list' in C:\Xampp\Xampp2\htdocs\codeigniter4\system\Database\MySQLi\Connection.php:295
Stack trace:
#0 C:\Xampp\Xampp2\htdocs\codeigniter4\system\Database\MySQLi\Connection.php(295): mysqli->query('INSERT INTO mah...', 0)
#1 C:\Xampp\Xampp2\htdocs\codeigniter4\system\Database\BaseConnection.php(691): CodeIgniter\Database\MySQLi\Connection->execute('INSERT INTO mah...')
#2 C:\Xampp\Xampp2\htdocs\codeigniter4\system\Database\BaseConnection.php(605): CodeIgniter\Database\BaseConnection->simpleQuery('INSERT INTO mah...')
#3 C:\Xampp\Xampp2\htdocs\codeigniter4\app\Models\m_mahasiswa.php(32): CodeIgniter\Database\BaseConnection->query('INSERT INTO mah...')
#4 C:\Xampp\Xampp2\htdocs\codeigniter4\app\Controllers\c_Mahasiswa.php(36): App\Models\m_mahasiswa->saveMahasiswa(Array)
#5 C:\Xampp\Xampp2\htdocs\codeigniter4\system\CodeIgniter.php(934): App\Controllers\c_Mahasiswa->save()
#6 C:\Xampp\Xampp2\htdocs\codeigniter4\system\CodeIgniter.php(499): CodeIgniter\CodeIgniter->runController(Object(App\Controllers\c_Mahasiswa))
#7 C:\Xampp\Xampp2\htdocs\codeigniter4\system\CodeIgniter.php(368): CodeIgniter\CodeIgniter->handleRequest(NULL, Object(Config\Cache), false)
#8 C:\Xampp\Xampp2\htdocs\codeigniter4\public\index.php(67): CodeIgniter\CodeIgniter->run()
#9 C:\Xampp\Xampp2\htdocs\codeigniter4\system\Commands\Server\rewrite.php(47): require_once('C:\\Xampp\\Xampp2...')
#10 {main}
CRITICAL - 2023-02-06 08:32:00 --> Unknown column 'Ali' in 'field list'
in SYSTEMPATH\Database\BaseConnection.php on line 645.
 1 APPPATH\Models\m_mahasiswa.php(32): CodeIgniter\Database\BaseConnection->query('INSERT INTO mahasiswa  VALUES(211, Ali, 21)')
 2 APPPATH\Controllers\c_Mahasiswa.php(36): App\Models\m_mahasiswa->saveMahasiswa([...])
 3 SYSTEMPATH\CodeIgniter.php(934): App\Controllers\c_Mahasiswa->save()
 4 SYSTEMPATH\CodeIgniter.php(499): CodeIgniter\CodeIgniter->runController(Object(App\Controllers\c_Mahasiswa))
 5 SYSTEMPATH\CodeIgniter.php(368): CodeIgniter\CodeIgniter->handleRequest(null, Object(Config\Cache), false)
 6 FCPATH\index.php(67): CodeIgniter\CodeIgniter->run()
 7 SYSTEMPATH\Commands\Server\rewrite.php(47): require_once('FCPATH\\index.php')
CRITICAL - 2023-02-06 08:34:43 --> Unsupported operand types: string + string
in APPPATH\Models\m_mahasiswa.php on line 31.
 1 APPPATH\Controllers\c_Mahasiswa.php(36): App\Models\m_mahasiswa->saveMahasiswa([...])
 2 SYSTEMPATH\CodeIgniter.php(934): App\Controllers\c_Mahasiswa->save()
 3 SYSTEMPATH\CodeIgniter.php(499): CodeIgniter\CodeIgniter->runController(Object(App\Controllers\c_Mahasiswa))
 4 SYSTEMPATH\CodeIgniter.php(368): CodeIgniter\CodeIgniter->handleRequest(null, Object(Config\Cache), false)
 5 FCPATH\index.php(67): CodeIgniter\CodeIgniter->run()
 6 SYSTEMPATH\Commands\Server\rewrite.php(47): require_once('FCPATH\\index.php')
CRITICAL - 2023-02-06 08:35:39 --> Call to a member function getResult() on bool
in APPPATH\Models\m_mahasiswa.php on line 33.
 1 APPPATH\Controllers\c_Mahasiswa.php(36): App\Models\m_mahasiswa->saveMahasiswa([...])
 2 SYSTEMPATH\CodeIgniter.php(934): App\Controllers\c_Mahasiswa->save()
 3 SYSTEMPATH\CodeIgniter.php(499): CodeIgniter\CodeIgniter->runController(Object(App\Controllers\c_Mahasiswa))
 4 SYSTEMPATH\CodeIgniter.php(368): CodeIgniter\CodeIgniter->handleRequest(null, Object(Config\Cache), false)
 5 FCPATH\index.php(67): CodeIgniter\CodeIgniter->run()
 6 SYSTEMPATH\Commands\Server\rewrite.php(47): require_once('FCPATH\\index.php')
ERROR - 2023-02-06 08:36:47 --> mysqli_sql_exception: Duplicate entry '211' for key 'PRIMARY' in C:\Xampp\Xampp2\htdocs\codeigniter4\system\Database\MySQLi\Connection.php:295
Stack trace:
#0 C:\Xampp\Xampp2\htdocs\codeigniter4\system\Database\MySQLi\Connection.php(295): mysqli->query('INSERT INTO mah...', 0)
#1 C:\Xampp\Xampp2\htdocs\codeigniter4\system\Database\BaseConnection.php(691): CodeIgniter\Database\MySQLi\Connection->execute('INSERT INTO mah...')
#2 C:\Xampp\Xampp2\htdocs\codeigniter4\system\Database\BaseConnection.php(605): CodeIgniter\Database\BaseConnection->simpleQuery('INSERT INTO mah...')
#3 C:\Xampp\Xampp2\htdocs\codeigniter4\app\Models\m_mahasiswa.php(32): CodeIgniter\Database\BaseConnection->query('INSERT INTO mah...')
#4 C:\Xampp\Xampp2\htdocs\codeigniter4\app\Controllers\c_Mahasiswa.php(36): App\Models\m_mahasiswa->saveMahasiswa(Array)
#5 C:\Xampp\Xampp2\htdocs\codeigniter4\system\CodeIgniter.php(934): App\Controllers\c_Mahasiswa->save()
#6 C:\Xampp\Xampp2\htdocs\codeigniter4\system\CodeIgniter.php(499): CodeIgniter\CodeIgniter->runController(Object(App\Controllers\c_Mahasiswa))
#7 C:\Xampp\Xampp2\htdocs\codeigniter4\system\CodeIgniter.php(368): CodeIgniter\CodeIgniter->handleRequest(NULL, Object(Config\Cache), false)
#8 C:\Xampp\Xampp2\htdocs\codeigniter4\public\index.php(67): CodeIgniter\CodeIgniter->run()
#9 C:\Xampp\Xampp2\htdocs\codeigniter4\system\Commands\Server\rewrite.php(47): require_once('C:\\Xampp\\Xampp2...')
#10 {main}
CRITICAL - 2023-02-06 08:36:47 --> Duplicate entry '211' for key 'PRIMARY'
in SYSTEMPATH\Database\BaseConnection.php on line 645.
 1 APPPATH\Models\m_mahasiswa.php(32): CodeIgniter\Database\BaseConnection->query('INSERT INTO mahasiswa VALUES(\'211\', \'Ali\', \'21\')')
 2 APPPATH\Controllers\c_Mahasiswa.php(36): App\Models\m_mahasiswa->saveMahasiswa([...])
 3 SYSTEMPATH\CodeIgniter.php(934): App\Controllers\c_Mahasiswa->save()
 4 SYSTEMPATH\CodeIgniter.php(499): CodeIgniter\CodeIgniter->runController(Object(App\Controllers\c_Mahasiswa))
 5 SYSTEMPATH\CodeIgniter.php(368): CodeIgniter\CodeIgniter->handleRequest(null, Object(Config\Cache), false)
 6 FCPATH\index.php(67): CodeIgniter\CodeIgniter->run()
 7 SYSTEMPATH\Commands\Server\rewrite.php(47): require_once('FCPATH\\index.php')
CRITICAL - 2023-02-06 08:36:54 --> Call to a member function getResultArray() on bool
in APPPATH\Models\m_mahasiswa.php on line 33.
 1 APPPATH\Controllers\c_Mahasiswa.php(36): App\Models\m_mahasiswa->saveMahasiswa([...])
 2 SYSTEMPATH\CodeIgniter.php(934): App\Controllers\c_Mahasiswa->save()
 3 SYSTEMPATH\CodeIgniter.php(499): CodeIgniter\CodeIgniter->runController(Object(App\Controllers\c_Mahasiswa))
 4 SYSTEMPATH\CodeIgniter.php(368): CodeIgniter\CodeIgniter->handleRequest(null, Object(Config\Cache), false)
 5 FCPATH\index.php(67): CodeIgniter\CodeIgniter->run()
 6 SYSTEMPATH\Commands\Server\rewrite.php(47): require_once('FCPATH\\index.php')
