ERROR - 2023-02-14 06:03:25 --> Error connecting to the database: mysqli_sql_exception: No connection could be made because the target machine actively refused it in C:\Xampp\Xampp2\htdocs\codeigniter4\system\Database\MySQLi\Connection.php:174
Stack trace:
#0 C:\Xampp\Xampp2\htdocs\codeigniter4\system\Database\MySQLi\Connection.php(174): mysqli->real_connect('localhost', 'root', '', 'akademik', 3306, '', 0)
#1 C:\Xampp\Xampp2\htdocs\codeigniter4\system\Database\BaseConnection.php(391): CodeIgniter\Database\MySQLi\Connection->connect(false)
#2 C:\Xampp\Xampp2\htdocs\codeigniter4\system\Database\BaseConnection.php(573): CodeIgniter\Database\BaseConnection->initialize()
#3 C:\Xampp\Xampp2\htdocs\codeigniter4\app\Models\m_mahasiswa.php(15): CodeIgniter\Database\BaseConnection->query('SELECT * FROM m...')
#4 C:\Xampp\Xampp2\htdocs\codeigniter4\app\Controllers\c_Mahasiswa.php(18): App\Models\m_mahasiswa->getAll()
#5 C:\Xampp\Xampp2\htdocs\codeigniter4\system\CodeIgniter.php(934): App\Controllers\c_Mahasiswa->index()
#6 C:\Xampp\Xampp2\htdocs\codeigniter4\system\CodeIgniter.php(499): CodeIgniter\CodeIgniter->runController(Object(App\Controllers\c_Mahasiswa))
#7 C:\Xampp\Xampp2\htdocs\codeigniter4\system\CodeIgniter.php(368): CodeIgniter\CodeIgniter->handleRequest(NULL, Object(Config\Cache), false)
#8 C:\Xampp\Xampp2\htdocs\codeigniter4\public\index.php(67): CodeIgniter\CodeIgniter->run()
#9 C:\Xampp\Xampp2\htdocs\codeigniter4\system\Commands\Server\rewrite.php(47): require_once('C:\\Xampp\\Xampp2...')
#10 {main}

Next CodeIgniter\Database\Exceptions\DatabaseException: No connection could be made because the target machine actively refused it in C:\Xampp\Xampp2\htdocs\codeigniter4\system\Database\MySQLi\Connection.php:218
Stack trace:
#0 C:\Xampp\Xampp2\htdocs\codeigniter4\system\Database\BaseConnection.php(391): CodeIgniter\Database\MySQLi\Connection->connect(false)
#1 C:\Xampp\Xampp2\htdocs\codeigniter4\system\Database\BaseConnection.php(573): CodeIgniter\Database\BaseConnection->initialize()
#2 C:\Xampp\Xampp2\htdocs\codeigniter4\app\Models\m_mahasiswa.php(15): CodeIgniter\Database\BaseConnection->query('SELECT * FROM m...')
#3 C:\Xampp\Xampp2\htdocs\codeigniter4\app\Controllers\c_Mahasiswa.php(18): App\Models\m_mahasiswa->getAll()
#4 C:\Xampp\Xampp2\htdocs\codeigniter4\system\CodeIgniter.php(934): App\Controllers\c_Mahasiswa->index()
#5 C:\Xampp\Xampp2\htdocs\codeigniter4\system\CodeIgniter.php(499): CodeIgniter\CodeIgniter->runController(Object(App\Controllers\c_Mahasiswa))
#6 C:\Xampp\Xampp2\htdocs\codeigniter4\system\CodeIgniter.php(368): CodeIgniter\CodeIgniter->handleRequest(NULL, Object(Config\Cache), false)
#7 C:\Xampp\Xampp2\htdocs\codeigniter4\public\index.php(67): CodeIgniter\CodeIgniter->run()
#8 C:\Xampp\Xampp2\htdocs\codeigniter4\system\Commands\Server\rewrite.php(47): require_once('C:\\Xampp\\Xampp2...')
#9 {main}
CRITICAL - 2023-02-14 06:03:25 --> Unable to connect to the database.
Main connection [MySQLi]: No connection could be made because the target machine actively refused it
in SYSTEMPATH\Database\BaseConnection.php on line 427.
 1 SYSTEMPATH\Database\BaseConnection.php(573): CodeIgniter\Database\BaseConnection->initialize()
 2 APPPATH\Models\m_mahasiswa.php(15): CodeIgniter\Database\BaseConnection->query('SELECT * FROM mahasiswa')
 3 APPPATH\Controllers\c_Mahasiswa.php(18): App\Models\m_mahasiswa->getAll()
 4 SYSTEMPATH\CodeIgniter.php(934): App\Controllers\c_Mahasiswa->index()
 5 SYSTEMPATH\CodeIgniter.php(499): CodeIgniter\CodeIgniter->runController(Object(App\Controllers\c_Mahasiswa))
 6 SYSTEMPATH\CodeIgniter.php(368): CodeIgniter\CodeIgniter->handleRequest(null, Object(Config\Cache), false)
 7 FCPATH\index.php(67): CodeIgniter\CodeIgniter->run()
 8 SYSTEMPATH\Commands\Server\rewrite.php(47): require_once('FCPATH\\index.php')
ERROR - 2023-02-14 06:06:50 --> Error connecting to the database: mysqli_sql_exception: No connection could be made because the target machine actively refused it in C:\Xampp\Xampp2\htdocs\codeigniter4\system\Database\MySQLi\Connection.php:174
Stack trace:
#0 C:\Xampp\Xampp2\htdocs\codeigniter4\system\Database\MySQLi\Connection.php(174): mysqli->real_connect('localhost', 'root', '', 'akademik', 3306, '', 0)
#1 C:\Xampp\Xampp2\htdocs\codeigniter4\system\Database\BaseConnection.php(391): CodeIgniter\Database\MySQLi\Connection->connect(false)
#2 C:\Xampp\Xampp2\htdocs\codeigniter4\system\Database\BaseConnection.php(573): CodeIgniter\Database\BaseConnection->initialize()
#3 C:\Xampp\Xampp2\htdocs\codeigniter4\app\Models\m_mahasiswa.php(15): CodeIgniter\Database\BaseConnection->query('SELECT * FROM m...')
#4 C:\Xampp\Xampp2\htdocs\codeigniter4\app\Controllers\c_Mahasiswa.php(18): App\Models\m_mahasiswa->getAll()
#5 C:\Xampp\Xampp2\htdocs\codeigniter4\system\CodeIgniter.php(934): App\Controllers\c_Mahasiswa->index()
#6 C:\Xampp\Xampp2\htdocs\codeigniter4\system\CodeIgniter.php(499): CodeIgniter\CodeIgniter->runController(Object(App\Controllers\c_Mahasiswa))
#7 C:\Xampp\Xampp2\htdocs\codeigniter4\system\CodeIgniter.php(368): CodeIgniter\CodeIgniter->handleRequest(NULL, Object(Config\Cache), false)
#8 C:\Xampp\Xampp2\htdocs\codeigniter4\public\index.php(67): CodeIgniter\CodeIgniter->run()
#9 C:\Xampp\Xampp2\htdocs\codeigniter4\system\Commands\Server\rewrite.php(47): require_once('C:\\Xampp\\Xampp2...')
#10 {main}

Next CodeIgniter\Database\Exceptions\DatabaseException: No connection could be made because the target machine actively refused it in C:\Xampp\Xampp2\htdocs\codeigniter4\system\Database\MySQLi\Connection.php:218
Stack trace:
#0 C:\Xampp\Xampp2\htdocs\codeigniter4\system\Database\BaseConnection.php(391): CodeIgniter\Database\MySQLi\Connection->connect(false)
#1 C:\Xampp\Xampp2\htdocs\codeigniter4\system\Database\BaseConnection.php(573): CodeIgniter\Database\BaseConnection->initialize()
#2 C:\Xampp\Xampp2\htdocs\codeigniter4\app\Models\m_mahasiswa.php(15): CodeIgniter\Database\BaseConnection->query('SELECT * FROM m...')
#3 C:\Xampp\Xampp2\htdocs\codeigniter4\app\Controllers\c_Mahasiswa.php(18): App\Models\m_mahasiswa->getAll()
#4 C:\Xampp\Xampp2\htdocs\codeigniter4\system\CodeIgniter.php(934): App\Controllers\c_Mahasiswa->index()
#5 C:\Xampp\Xampp2\htdocs\codeigniter4\system\CodeIgniter.php(499): CodeIgniter\CodeIgniter->runController(Object(App\Controllers\c_Mahasiswa))
#6 C:\Xampp\Xampp2\htdocs\codeigniter4\system\CodeIgniter.php(368): CodeIgniter\CodeIgniter->handleRequest(NULL, Object(Config\Cache), false)
#7 C:\Xampp\Xampp2\htdocs\codeigniter4\public\index.php(67): CodeIgniter\CodeIgniter->run()
#8 C:\Xampp\Xampp2\htdocs\codeigniter4\system\Commands\Server\rewrite.php(47): require_once('C:\\Xampp\\Xampp2...')
#9 {main}
CRITICAL - 2023-02-14 06:06:50 --> Unable to connect to the database.
Main connection [MySQLi]: No connection could be made because the target machine actively refused it
in SYSTEMPATH\Database\BaseConnection.php on line 427.
 1 SYSTEMPATH\Database\BaseConnection.php(573): CodeIgniter\Database\BaseConnection->initialize()
 2 APPPATH\Models\m_mahasiswa.php(15): CodeIgniter\Database\BaseConnection->query('SELECT * FROM mahasiswa')
 3 APPPATH\Controllers\c_Mahasiswa.php(18): App\Models\m_mahasiswa->getAll()
 4 SYSTEMPATH\CodeIgniter.php(934): App\Controllers\c_Mahasiswa->index()
 5 SYSTEMPATH\CodeIgniter.php(499): CodeIgniter\CodeIgniter->runController(Object(App\Controllers\c_Mahasiswa))
 6 SYSTEMPATH\CodeIgniter.php(368): CodeIgniter\CodeIgniter->handleRequest(null, Object(Config\Cache), false)
 7 FCPATH\index.php(67): CodeIgniter\CodeIgniter->run()
 8 SYSTEMPATH\Commands\Server\rewrite.php(47): require_once('FCPATH\\index.php')
CRITICAL - 2023-02-14 06:48:23 --> syntax error, unexpected token "->", expecting identifier or variable or "{" or "$"
in APPPATH\Controllers\c_Mahasiswa.php on line 24.
 1 SYSTEMPATH\Autoloader\Autoloader.php(289): CodeIgniter\Autoloader\Autoloader->includeFile('APPPATH\\Controllers\\c_Mahasiswa.php')
 2 SYSTEMPATH\Autoloader\Autoloader.php(267): CodeIgniter\Autoloader\Autoloader->loadInNamespace('App\\Controllers\\c_mahasiswa')
 3 [internal function]: CodeIgniter\Autoloader\Autoloader->loadClass('App\\Controllers\\c_mahasiswa')
 4 SYSTEMPATH\CodeIgniter.php(892): class_exists('\\App\\Controllers\\c_mahasiswa', true)
 5 SYSTEMPATH\CodeIgniter.php(486): CodeIgniter\CodeIgniter->startController()
 6 SYSTEMPATH\CodeIgniter.php(368): CodeIgniter\CodeIgniter->handleRequest(null, Object(Config\Cache), false)
 7 FCPATH\index.php(67): CodeIgniter\CodeIgniter->run()
 8 SYSTEMPATH\Commands\Server\rewrite.php(47): require_once('FCPATH\\index.php')
CRITICAL - 2023-02-14 06:56:34 --> Too few arguments to function App\Controllers\c_Mahasiswa::get(), 0 passed in C:\Xampp\Xampp2\htdocs\codeigniter4\system\CodeIgniter.php on line 934 and exactly 1 expected
in APPPATH\Controllers\c_Mahasiswa.php on line 22.
 1 SYSTEMPATH\CodeIgniter.php(934): App\Controllers\c_Mahasiswa->get()
 2 SYSTEMPATH\CodeIgniter.php(499): CodeIgniter\CodeIgniter->runController(Object(App\Controllers\c_Mahasiswa))
 3 SYSTEMPATH\CodeIgniter.php(368): CodeIgniter\CodeIgniter->handleRequest(null, Object(Config\Cache), false)
 4 FCPATH\index.php(67): CodeIgniter\CodeIgniter->run()
 5 SYSTEMPATH\Commands\Server\rewrite.php(47): require_once('FCPATH\\index.php')
CRITICAL - 2023-02-14 07:03:47 --> Too few arguments to function App\Controllers\c_Mahasiswa::getDetail(), 0 passed in C:\Xampp\Xampp2\htdocs\codeigniter4\system\CodeIgniter.php on line 934 and exactly 1 expected
in APPPATH\Controllers\c_Mahasiswa.php on line 22.
 1 SYSTEMPATH\CodeIgniter.php(934): App\Controllers\c_Mahasiswa->getDetail()
 2 SYSTEMPATH\CodeIgniter.php(499): CodeIgniter\CodeIgniter->runController(Object(App\Controllers\c_Mahasiswa))
 3 SYSTEMPATH\CodeIgniter.php(368): CodeIgniter\CodeIgniter->handleRequest(null, Object(Config\Cache), false)
 4 FCPATH\index.php(67): CodeIgniter\CodeIgniter->run()
 5 SYSTEMPATH\Commands\Server\rewrite.php(47): require_once('FCPATH\\index.php')
CRITICAL - 2023-02-14 07:04:50 --> Undefined variable $row
in APPPATH\Views\v_detail_mahasiswa.php on line 28.
 1 APPPATH\Views\v_detail_mahasiswa.php(28): CodeIgniter\Debug\Exceptions->errorHandler(2, 'Undefined variable $row', 'APPPATH\\Views\\v_detail_mahasiswa.php', 28)
 2 SYSTEMPATH\View\View.php(213): include('APPPATH\\Views\\v_detail_mahasiswa.php')
 3 SYSTEMPATH\View\View.php(216): CodeIgniter\View\View->CodeIgniter\View\{closure}()
 4 SYSTEMPATH\Common.php(1177): CodeIgniter\View\View->render('v_detail_Mahasiswa', [], true)
 5 APPPATH\Controllers\c_Mahasiswa.php(26): view('v_detail_Mahasiswa', [...])
 6 SYSTEMPATH\CodeIgniter.php(934): App\Controllers\c_Mahasiswa->getDetail('211511052')
 7 SYSTEMPATH\CodeIgniter.php(499): CodeIgniter\CodeIgniter->runController(Object(App\Controllers\c_Mahasiswa))
 8 SYSTEMPATH\CodeIgniter.php(368): CodeIgniter\CodeIgniter->handleRequest(null, Object(Config\Cache), false)
 9 FCPATH\index.php(67): CodeIgniter\CodeIgniter->run()
10 SYSTEMPATH\Commands\Server\rewrite.php(47): require_once('FCPATH\\index.php')
CRITICAL - 2023-02-14 07:06:01 --> Undefined variable $row
in APPPATH\Views\v_detail_mahasiswa.php on line 28.
 1 APPPATH\Views\v_detail_mahasiswa.php(28): CodeIgniter\Debug\Exceptions->errorHandler(2, 'Undefined variable $row', 'APPPATH\\Views\\v_detail_mahasiswa.php', 28)
 2 SYSTEMPATH\View\View.php(213): include('APPPATH\\Views\\v_detail_mahasiswa.php')
 3 SYSTEMPATH\View\View.php(216): CodeIgniter\View\View->CodeIgniter\View\{closure}()
 4 SYSTEMPATH\Common.php(1177): CodeIgniter\View\View->render('v_detail_Mahasiswa', [], true)
 5 APPPATH\Controllers\c_Mahasiswa.php(27): view('v_detail_Mahasiswa', [...])
 6 SYSTEMPATH\CodeIgniter.php(934): App\Controllers\c_Mahasiswa->getDetail('211511052')
 7 SYSTEMPATH\CodeIgniter.php(499): CodeIgniter\CodeIgniter->runController(Object(App\Controllers\c_Mahasiswa))
 8 SYSTEMPATH\CodeIgniter.php(368): CodeIgniter\CodeIgniter->handleRequest(null, Object(Config\Cache), false)
 9 FCPATH\index.php(67): CodeIgniter\CodeIgniter->run()
10 SYSTEMPATH\Commands\Server\rewrite.php(47): require_once('FCPATH\\index.php')
CRITICAL - 2023-02-14 07:07:28 --> Cannot use object of type stdClass as array
in APPPATH\Views\v_detail_mahasiswa.php on line 28.
 1 SYSTEMPATH\View\View.php(213): include()
 2 SYSTEMPATH\View\View.php(216): CodeIgniter\View\View->CodeIgniter\View\{closure}()
 3 SYSTEMPATH\Common.php(1177): CodeIgniter\View\View->render('v_detail_Mahasiswa', [], true)
 4 APPPATH\Controllers\c_Mahasiswa.php(26): view('v_detail_Mahasiswa', [...])
 5 SYSTEMPATH\CodeIgniter.php(934): App\Controllers\c_Mahasiswa->getDetail('211511052')
 6 SYSTEMPATH\CodeIgniter.php(499): CodeIgniter\CodeIgniter->runController(Object(App\Controllers\c_Mahasiswa))
 7 SYSTEMPATH\CodeIgniter.php(368): CodeIgniter\CodeIgniter->handleRequest(null, Object(Config\Cache), false)
 8 FCPATH\index.php(67): CodeIgniter\CodeIgniter->run()
 9 SYSTEMPATH\Commands\Server\rewrite.php(47): require_once('FCPATH\\index.php')
CRITICAL - 2023-02-14 07:07:55 --> Cannot use object of type stdClass as array
in APPPATH\Views\v_detail_mahasiswa.php on line 37.
 1 SYSTEMPATH\View\View.php(213): include()
 2 SYSTEMPATH\View\View.php(216): CodeIgniter\View\View->CodeIgniter\View\{closure}()
 3 SYSTEMPATH\Common.php(1177): CodeIgniter\View\View->render('v_detail_Mahasiswa', [], true)
 4 APPPATH\Controllers\c_Mahasiswa.php(26): view('v_detail_Mahasiswa', [...])
 5 SYSTEMPATH\CodeIgniter.php(934): App\Controllers\c_Mahasiswa->getDetail('211511052')
 6 SYSTEMPATH\CodeIgniter.php(499): CodeIgniter\CodeIgniter->runController(Object(App\Controllers\c_Mahasiswa))
 7 SYSTEMPATH\CodeIgniter.php(368): CodeIgniter\CodeIgniter->handleRequest(null, Object(Config\Cache), false)
 8 FCPATH\index.php(67): CodeIgniter\CodeIgniter->run()
 9 SYSTEMPATH\Commands\Server\rewrite.php(47): require_once('FCPATH\\index.php')
CRITICAL - 2023-02-14 07:58:21 --> syntax error, unexpected variable "$model", expecting "function" or "const"
in APPPATH\Controllers\c_login.php on line 15.
 1 SYSTEMPATH\Autoloader\Autoloader.php(289): CodeIgniter\Autoloader\Autoloader->includeFile('APPPATH\\Controllers\\c_login.php')
 2 SYSTEMPATH\Autoloader\Autoloader.php(267): CodeIgniter\Autoloader\Autoloader->loadInNamespace('App\\Controllers\\c_login')
 3 [internal function]: CodeIgniter\Autoloader\Autoloader->loadClass('App\\Controllers\\c_login')
 4 SYSTEMPATH\CodeIgniter.php(892): class_exists('\\App\\Controllers\\c_login', true)
 5 SYSTEMPATH\CodeIgniter.php(486): CodeIgniter\CodeIgniter->startController()
 6 SYSTEMPATH\CodeIgniter.php(368): CodeIgniter\CodeIgniter->handleRequest(null, Object(Config\Cache), false)
 7 FCPATH\index.php(67): CodeIgniter\CodeIgniter->run()
 8 SYSTEMPATH\Commands\Server\rewrite.php(47): require_once('FCPATH\\index.php')
CRITICAL - 2023-02-14 08:13:20 --> Invalid file: "login.php"
in SYSTEMPATH\Exceptions\FrameworkException.php on line 33.
 1 SYSTEMPATH\View\View.php(201): CodeIgniter\Exceptions\FrameworkException::forInvalidFile('login.php')
 2 SYSTEMPATH\Common.php(1177): CodeIgniter\View\View->render('login', [], true)
 3 APPPATH\Controllers\c_login.php(19): view('login')
 4 SYSTEMPATH\CodeIgniter.php(934): App\Controllers\c_login->index()
 5 SYSTEMPATH\CodeIgniter.php(499): CodeIgniter\CodeIgniter->runController(Object(App\Controllers\c_login))
 6 SYSTEMPATH\CodeIgniter.php(368): CodeIgniter\CodeIgniter->handleRequest(null, Object(Config\Cache), false)
 7 FCPATH\index.php(67): CodeIgniter\CodeIgniter->run()
 8 SYSTEMPATH\Commands\Server\rewrite.php(47): require_once('FCPATH\\index.php')
CRITICAL - 2023-02-14 08:15:12 --> Invalid file: "login.php"
in SYSTEMPATH\Exceptions\FrameworkException.php on line 33.
 1 SYSTEMPATH\View\View.php(201): CodeIgniter\Exceptions\FrameworkException::forInvalidFile('login.php')
 2 SYSTEMPATH\Common.php(1177): CodeIgniter\View\View->render('login', [], true)
 3 APPPATH\Controllers\c_login.php(19): view('login')
 4 SYSTEMPATH\CodeIgniter.php(934): App\Controllers\c_login->index()
 5 SYSTEMPATH\CodeIgniter.php(499): CodeIgniter\CodeIgniter->runController(Object(App\Controllers\c_login))
 6 SYSTEMPATH\CodeIgniter.php(368): CodeIgniter\CodeIgniter->handleRequest(null, Object(Config\Cache), false)
 7 FCPATH\index.php(67): CodeIgniter\CodeIgniter->run()
 8 SYSTEMPATH\Commands\Server\rewrite.php(47): require_once('FCPATH\\index.php')
CRITICAL - 2023-02-14 08:15:13 --> Invalid file: "login.php"
in SYSTEMPATH\Exceptions\FrameworkException.php on line 33.
 1 SYSTEMPATH\View\View.php(201): CodeIgniter\Exceptions\FrameworkException::forInvalidFile('login.php')
 2 SYSTEMPATH\Common.php(1177): CodeIgniter\View\View->render('login', [], true)
 3 APPPATH\Controllers\c_login.php(19): view('login')
 4 SYSTEMPATH\CodeIgniter.php(934): App\Controllers\c_login->index()
 5 SYSTEMPATH\CodeIgniter.php(499): CodeIgniter\CodeIgniter->runController(Object(App\Controllers\c_login))
 6 SYSTEMPATH\CodeIgniter.php(368): CodeIgniter\CodeIgniter->handleRequest(null, Object(Config\Cache), false)
 7 FCPATH\index.php(67): CodeIgniter\CodeIgniter->run()
 8 SYSTEMPATH\Commands\Server\rewrite.php(47): require_once('FCPATH\\index.php')
